Arguments: 
  C:\Program Files\nodejs\node.exe C:\Program Files (x86)\Yarn\bin\yarn.js add apollo-client

PATH: 
  C:\Program Files (x86)\Intel\iCLS Client\;C:\Program Files\Intel\iCLS Client\;C:\Windows\system32;C:\Windows;C:\Windows\System32\Wbem;C:\Windows\System32\WindowsPowerShell\v1.0\;C:\Program Files (x86)\Intel\Intel(R) Management Engine Components\DAL;C:\Program Files\Intel\Intel(R) Management Engine Components\DAL;C:\Program Files (x86)\Intel\Intel(R) Management Engine Components\IPT;C:\Program Files\Intel\Intel(R) Management Engine Components\IPT;C:\Program Files\Intel\WiFi\bin\;C:\Program Files\Common Files\Intel\WirelessCommon\;C:\WINDOWS\system32;C:\WINDOWS;C:\WINDOWS\System32\Wbem;C:\WINDOWS\System32\WindowsPowerShell\v1.0\;C:\Program Files (x86)\NVIDIA Corporation\PhysX\Common;C:\Program Files\Git\cmd;C:\Python\Python36;C:\Program Files\nodejs\;C:\Program Files\MySQL\MySQL Server 5.7\bin;C:\Program Files (x86)\Yarn\bin;C:\Program Files\dotnet\;C:\ProgramData\chocolatey\bin;C:\Python\Python36\Scripts\;C:\Python\Python36\;C:\Users\Alex\AppData\Local\atom\bin;C:\Users\Alex\AppData\Local\Microsoft\WindowsApps;C:\Python27;C:\Program Files\Microsoft VS Code\bin;C:\Users\Alex\AppData\Roaming\npm;C:\Users\Alex\AppData\Local\Yarn\bin;C:\Users\Alex\AppData\Local\.meteor

Yarn version: 
  1.3.2

Node version: 
  8.9.4

Platform: 
  win32 x64

npm manifest: 
  {
    "name": "apollo",
    "private": true,
    "scripts": {
      "start": "meteor run"
    },
    "dependencies": {
      "@babel/runtime": "^7.0.0-beta.36",
      "apollo-client": "^2.2.5",
      "body-parser": "^1.18.2",
      "express": "^4.16.2",
      "graphql": "^0.13.1",
      "graphql-server-express": "^1.3.2",
      "graphql-tools": "^2.21.0",
      "meteor-node-stubs": "^0.3.2",
      "react": "^16.2.0",
      "react-dom": "^16.2.0"
    }
  }

yarn manifest: 
  No manifest

Lockfile: 
  No lockfile

Trace: 
  Error: EPERM: operation not permitted, lstat 'C:\Users\Alex\Documents\Coding\meteor\meteor_apollo_app\apollo\node_modules\apollo-client\core'
